<?xml version="1.0" encoding="UTF-8"?>
<testng-results skipped="0" failed="3" ignored="8" total="21" passed="10">
  <reporter-output>
  </reporter-output>
  <suite name="Regression Suite" duration-ms="315179" started-at="2020-01-25T13:32:59 EST" finished-at="2020-01-25T13:38:14 EST">
    <groups>
      <group name="regression">
        <method signature="AddEmployeePageTest.addMultipleEmpoyee(java.lang.String, java.lang.String, java.lang.String)[pri:0, instance:com.hrms.testcases.AddEmployeePageTest@6ee52dcd]" name="addMultipleEmpoyee" class="com.hrms.testcases.AddEmployeePageTest"/>
        <method signature="LeaveListPageTest.leaveLabelvalidation()[pri:0, instance:com.hrms.testcases.LeaveListPageTest@1b68ddbd]" name="leaveLabelvalidation" class="com.hrms.testcases.LeaveListPageTest"/>
        <method signature="LeaveListPageTest.leaveLabelvalidation1()[pri:0, instance:com.hrms.testcases.LeaveListPageTest@1b68ddbd]" name="leaveLabelvalidation1" class="com.hrms.testcases.LeaveListPageTest"/>
      </group> <!-- regression -->
    </groups>
    <test name="Regression Test" duration-ms="315179" started-at="2020-01-25T13:32:59 EST" finished-at="2020-01-25T13:38:14 EST">
      <class name="com.hrms.testcases.AddEmployeePageTest">
        <test-method status="PASS" signature="setUp()[pri:0, instance:com.hrms.testcases.AddEmployeePageTest@6ee52dcd]" name="setUp" is-config="true" duration-ms="2319" started-at="2020-01-25T13:33:18 EST" finished-at="2020-01-25T13:33:21 EST">
          <reporter-output>
          </reporter-output>
        </test-method> <!-- setUp -->
        <test-method status="PASS" signature="addMultipleEmpoyee(java.lang.String, java.lang.String, java.lang.String)[pri:0, instance:com.hrms.testcases.AddEmployeePageTest@6ee52dcd]" name="addMultipleEmpoyee" duration-ms="10786" started-at="2020-01-25T13:33:21 EST" data-provider="getData" finished-at="2020-01-25T13:33:32 EST">
          <params>
            <param index="0">
              <value>
                <![CDATA[Jhon]]>
              </value>
            </param>
            <param index="1">
              <value>
                <![CDATA[Jr]]>
              </value>
            </param>
            <param index="2">
              <value>
                <![CDATA[Doe]]>
              </value>
            </param>
          </params>
          <reporter-output>
          </reporter-output>
        </test-method> <!-- addMultipleEmpoyee -->
        <test-method status="PASS" signature="tearDown()[pri:0, instance:com.hrms.testcases.AddEmployeePageTest@6ee52dcd]" name="tearDown" is-config="true" duration-ms="95" started-at="2020-01-25T13:33:32 EST" finished-at="2020-01-25T13:33:32 EST">
          <reporter-output>
          </reporter-output>
        </test-method> <!-- tearDown -->
        <test-method status="PASS" signature="setUp()[pri:0, instance:com.hrms.testcases.AddEmployeePageTest@6ee52dcd]" name="setUp" is-config="true" duration-ms="6557" started-at="2020-01-25T13:33:32 EST" finished-at="2020-01-25T13:33:39 EST">
          <reporter-output>
          </reporter-output>
        </test-method> <!-- setUp -->
        <test-method status="PASS" signature="addMultipleEmpoyee(java.lang.String, java.lang.String, java.lang.String)[pri:0, instance:com.hrms.testcases.AddEmployeePageTest@6ee52dcd]" name="addMultipleEmpoyee" duration-ms="14664" started-at="2020-01-25T13:33:39 EST" data-provider="getData" finished-at="2020-01-25T13:33:53 EST">
          <params>
            <param index="0">
              <value>
                <![CDATA[Jhon1]]>
              </value>
            </param>
            <param index="1">
              <value>
                <![CDATA[Jr]]>
              </value>
            </param>
            <param index="2">
              <value>
                <![CDATA[Doe1]]>
              </value>
            </param>
          </params>
          <reporter-output>
          </reporter-output>
        </test-method> <!-- addMultipleEmpoyee -->
        <test-method status="PASS" signature="tearDown()[pri:0, instance:com.hrms.testcases.AddEmployeePageTest@6ee52dcd]" name="tearDown" is-config="true" duration-ms="92" started-at="2020-01-25T13:33:54 EST" finished-at="2020-01-25T13:33:54 EST">
          <reporter-output>
          </reporter-output>
        </test-method> <!-- tearDown -->
        <test-method status="PASS" signature="setUp()[pri:0, instance:com.hrms.testcases.AddEmployeePageTest@6ee52dcd]" name="setUp" is-config="true" duration-ms="3522" started-at="2020-01-25T13:33:54 EST" finished-at="2020-01-25T13:33:58 EST">
          <reporter-output>
          </reporter-output>
        </test-method> <!-- setUp -->
        <test-method status="PASS" signature="addMultipleEmpoyee(java.lang.String, java.lang.String, java.lang.String)[pri:0, instance:com.hrms.testcases.AddEmployeePageTest@6ee52dcd]" name="addMultipleEmpoyee" duration-ms="12869" started-at="2020-01-25T13:33:58 EST" data-provider="getData" finished-at="2020-01-25T13:34:10 EST">
          <params>
            <param index="0">
              <value>
                <![CDATA[Jhon2]]>
              </value>
            </param>
            <param index="1">
              <value>
                <![CDATA[Jr]]>
              </value>
            </param>
            <param index="2">
              <value>
                <![CDATA[Doe2]]>
              </value>
            </param>
          </params>
          <reporter-output>
          </reporter-output>
        </test-method> <!-- addMultipleEmpoyee -->
        <test-method status="PASS" signature="tearDown()[pri:0, instance:com.hrms.testcases.AddEmployeePageTest@6ee52dcd]" name="tearDown" is-config="true" duration-ms="93" started-at="2020-01-25T13:34:11 EST" finished-at="2020-01-25T13:34:11 EST">
          <reporter-output>
          </reporter-output>
        </test-method> <!-- tearDown -->
        <test-method status="PASS" signature="setUp()[pri:0, instance:com.hrms.testcases.AddEmployeePageTest@6ee52dcd]" name="setUp" is-config="true" duration-ms="5188" started-at="2020-01-25T13:34:11 EST" finished-at="2020-01-25T13:34:16 EST">
          <reporter-output>
          </reporter-output>
        </test-method> <!-- setUp -->
        <test-method status="PASS" signature="addMultipleEmpoyee(java.lang.String, java.lang.String, java.lang.String)[pri:0, instance:com.hrms.testcases.AddEmployeePageTest@6ee52dcd]" name="addMultipleEmpoyee" duration-ms="18567" started-at="2020-01-25T13:34:16 EST" data-provider="getData" finished-at="2020-01-25T13:34:35 EST">
          <params>
            <param index="0">
              <value>
                <![CDATA[Jhon3]]>
              </value>
            </param>
            <param index="1">
              <value>
                <![CDATA[Jr]]>
              </value>
            </param>
            <param index="2">
              <value>
                <![CDATA[Doe3]]>
              </value>
            </param>
          </params>
          <reporter-output>
          </reporter-output>
        </test-method> <!-- addMultipleEmpoyee -->
        <test-method status="PASS" signature="tearDown()[pri:0, instance:com.hrms.testcases.AddEmployeePageTest@6ee52dcd]" name="tearDown" is-config="true" duration-ms="93" started-at="2020-01-25T13:34:35 EST" finished-at="2020-01-25T13:34:35 EST">
          <reporter-output>
          </reporter-output>
        </test-method> <!-- tearDown -->
        <test-method status="PASS" signature="setUp()[pri:0, instance:com.hrms.testcases.AddEmployeePageTest@6ee52dcd]" name="setUp" is-config="true" duration-ms="9528" started-at="2020-01-25T13:34:35 EST" finished-at="2020-01-25T13:34:45 EST">
          <reporter-output>
          </reporter-output>
        </test-method> <!-- setUp -->
        <test-method status="FAIL" signature="addMultipleEmpoyee(java.lang.String, java.lang.String, java.lang.String)[pri:0, instance:com.hrms.testcases.AddEmployeePageTest@6ee52dcd]" name="addMultipleEmpoyee" duration-ms="62683" started-at="2020-01-25T13:34:45 EST" data-provider="getData" finished-at="2020-01-25T13:35:48 EST">
          <params>
            <param index="0">
              <value>
                <![CDATA[Jhon4]]>
              </value>
            </param>
            <param index="1">
              <value>
                <![CDATA[Jr]]>
              </value>
            </param>
            <param index="2">
              <value>
                <![CDATA[Doe4]]>
              </value>
            </param>
          </params>
          <exception class="org.openqa.selenium.TimeoutException">
            <message>
              <![CDATA[Expected condition failed: waiting for visibility of Proxy element for: DefaultElementLocator 'By.id: personal_txtEmployeeId' (tried for 20 second(s) with 500 milliseconds interval)]]>
            </message>
            <full-stacktrace>
              <![CDATA[org.openqa.selenium.TimeoutException: Expected condition failed: waiting for visibility of Proxy element for: DefaultElementLocator 'By.id: personal_txtEmployeeId' (tried for 20 second(s) with 500 milliseconds interval)
at org.openqa.selenium.support.ui.WebDriverWait.timeoutException(WebDriverWait.java:95)
at org.openqa.selenium.support.ui.FluentWait.until(FluentWait.java:272)
at com.hrms.testcases.AddEmployeePageTest.addMultipleEmpoyee(AddEmployeePageTest.java:46)
at sun.reflect.NativeMethodAccessorImpl.invoke0(Native Method)
at sun.reflect.NativeMethodAccessorImpl.invoke(NativeMethodAccessorImpl.java:62)
at sun.reflect.DelegatingMethodAccessorImpl.invoke(DelegatingMethodAccessorImpl.java:43)
at java.lang.reflect.Method.invoke(Method.java:498)
at org.testng.internal.MethodInvocationHelper.invokeMethod(MethodInvocationHelper.java:133)
at org.testng.internal.TestInvoker.invokeMethod(TestInvoker.java:584)
at org.testng.internal.TestInvoker.invokeTestMethod(TestInvoker.java:172)
at org.testng.internal.MethodRunner.runInSequence(MethodRunner.java:46)
at org.testng.internal.TestInvoker$MethodInvocationAgent.invoke(TestInvoker.java:804)
at org.testng.internal.TestInvoker.invokeTestMethods(TestInvoker.java:145)
at org.testng.internal.TestMethodWorker.invokeTestMethods(TestMethodWorker.java:146)
at org.testng.internal.TestMethodWorker.run(TestMethodWorker.java:128)
at java.util.ArrayList.forEach(ArrayList.java:1257)
at org.testng.TestRunner.privateRun(TestRunner.java:770)
at org.testng.TestRunner.run(TestRunner.java:591)
at org.testng.SuiteRunner.runTest(SuiteRunner.java:402)
at org.testng.SuiteRunner.runSequentially(SuiteRunner.java:396)
at org.testng.SuiteRunner.privateRun(SuiteRunner.java:355)
at org.testng.SuiteRunner.run(SuiteRunner.java:304)
at org.testng.SuiteRunnerWorker.runSuite(SuiteRunnerWorker.java:53)
at org.testng.SuiteRunnerWorker.run(SuiteRunnerWorker.java:96)
at org.testng.TestNG.runSuitesSequentially(TestNG.java:1180)
at org.testng.TestNG.runSuitesLocally(TestNG.java:1102)
at org.testng.TestNG.runSuites(TestNG.java:1032)
at org.testng.TestNG.run(TestNG.java:1000)
at org.testng.remote.AbstractRemoteTestNG.run(AbstractRemoteTestNG.java:115)
at org.testng.remote.RemoteTestNG.initAndRun(RemoteTestNG.java:251)
at org.testng.remote.RemoteTestNG.main(RemoteTestNG.java:77)
Caused by: org.openqa.selenium.NoSuchElementException: no such element: Unable to locate element: {"method":"css selector","selector":"#personal_txtEmployeeId"}
  (Session info: chrome=79.0.3945.130)
For documentation on this error, please visit: https://www.seleniumhq.org/exceptions/no_such_element.html
Build info: version: '3.141.59', revision: 'e82be7d358', time: '2018-11-14T08:25:48'
System info: host: 'MacBook-Pro-Zamira.local', ip: '2601:343:8200:c40:0:0:0:6bbc%en0', os.name: 'Mac OS X', os.arch: 'x86_64', os.version: '10.14.6', java.version: '1.8.0_221'
Driver info: org.openqa.selenium.chrome.ChromeDriver
Capabilities {acceptInsecureCerts: false, browserName: chrome, browserVersion: 79.0.3945.130, chrome: {chromedriverVersion: 79.0.3945.36 (3582db32b3389..., userDataDir: /var/folders/c9/sm_v4zj13r5...}, goog:chromeOptions: {debuggerAddress: localhost:52073}, javascriptEnabled: true, networkConnectionEnabled: false, pageLoadStrategy: normal, platform: MAC, platformName: MAC, proxy: Proxy(), setWindowRect: true, strictFileInteractability: false, timeouts: {implicit: 0, pageLoad: 300000, script: 30000}, unhandledPromptBehavior: dismiss and notify}
Session ID: e888291babf9288574e9cccd99f08f3d
*** Element info: {Using=id, value=personal_txtEmployeeId}
at sun.reflect.NativeConstructorAccessorImpl.newInstance0(Native Method)
at sun.reflect.NativeConstructorAccessorImpl.newInstance(NativeConstructorAccessorImpl.java:62)
at sun.reflect.DelegatingConstructorAccessorImpl.newInstance(DelegatingConstructorAccessorImpl.java:45)
at java.lang.reflect.Constructor.newInstance(Constructor.java:423)
at org.openqa.selenium.remote.http.W3CHttpResponseCodec.createException(W3CHttpResponseCodec.java:187)
at org.openqa.selenium.remote.http.W3CHttpResponseCodec.decode(W3CHttpResponseCodec.java:122)
at org.openqa.selenium.remote.http.W3CHttpResponseCodec.decode(W3CHttpResponseCodec.java:49)
at org.openqa.selenium.remote.HttpCommandExecutor.execute(HttpCommandExecutor.java:158)
at org.openqa.selenium.remote.service.DriverCommandExecutor.execute(DriverCommandExecutor.java:83)
at org.openqa.selenium.remote.RemoteWebDriver.execute(RemoteWebDriver.java:552)
at org.openqa.selenium.remote.RemoteWebDriver.findElement(RemoteWebDriver.java:323)
at org.openqa.selenium.remote.RemoteWebDriver.findElementById(RemoteWebDriver.java:372)
at org.openqa.selenium.By$ById.findElement(By.java:188)
at org.openqa.selenium.remote.RemoteWebDriver.findElement(RemoteWebDriver.java:315)
at org.openqa.selenium.support.pagefactory.DefaultElementLocator.findElement(DefaultElementLocator.java:69)
at org.openqa.selenium.support.pagefactory.internal.LocatingElementHandler.invoke(LocatingElementHandler.java:38)
at com.sun.proxy.$Proxy12.isDisplayed(Unknown Source)
at org.openqa.selenium.support.ui.ExpectedConditions.elementIfVisible(ExpectedConditions.java:314)
at org.openqa.selenium.support.ui.ExpectedConditions.access$000(ExpectedConditions.java:43)
at org.openqa.selenium.support.ui.ExpectedConditions$10.apply(ExpectedConditions.java:300)
at org.openqa.selenium.support.ui.ExpectedConditions$10.apply(ExpectedConditions.java:297)
at org.openqa.selenium.support.ui.FluentWait.until(FluentWait.java:249)
... 29 more
]]>
            </full-stacktrace>
          </exception> <!-- org.openqa.selenium.TimeoutException -->
          <reporter-output>
          </reporter-output>
        </test-method> <!-- addMultipleEmpoyee -->
        <test-method status="PASS" signature="tearDown()[pri:0, instance:com.hrms.testcases.AddEmployeePageTest@6ee52dcd]" name="tearDown" is-config="true" duration-ms="94" started-at="2020-01-25T13:35:48 EST" finished-at="2020-01-25T13:35:48 EST">
          <reporter-output>
          </reporter-output>
        </test-method> <!-- tearDown -->
        <test-method status="PASS" signature="setUp()[pri:0, instance:com.hrms.testcases.AddEmployeePageTest@6ee52dcd]" name="setUp" is-config="true" duration-ms="7424" started-at="2020-01-25T13:35:48 EST" finished-at="2020-01-25T13:35:56 EST">
          <reporter-output>
          </reporter-output>
        </test-method> <!-- setUp -->
        <test-method status="PASS" signature="addMultipleEmpoyee(java.lang.String, java.lang.String, java.lang.String)[pri:0, instance:com.hrms.testcases.AddEmployeePageTest@6ee52dcd]" name="addMultipleEmpoyee" duration-ms="22216" started-at="2020-01-25T13:35:56 EST" data-provider="getData" finished-at="2020-01-25T13:36:18 EST">
          <params>
            <param index="0">
              <value>
                <![CDATA[Jhon5]]>
              </value>
            </param>
            <param index="1">
              <value>
                <![CDATA[Jr]]>
              </value>
            </param>
            <param index="2">
              <value>
                <![CDATA[Doe5]]>
              </value>
            </param>
          </params>
          <reporter-output>
          </reporter-output>
        </test-method> <!-- addMultipleEmpoyee -->
        <test-method status="PASS" signature="tearDown()[pri:0, instance:com.hrms.testcases.AddEmployeePageTest@6ee52dcd]" name="tearDown" is-config="true" duration-ms="92" started-at="2020-01-25T13:36:18 EST" finished-at="2020-01-25T13:36:18 EST">
          <reporter-output>
          </reporter-output>
        </test-method> <!-- tearDown -->
        <test-method status="PASS" signature="setUp()[pri:0, instance:com.hrms.testcases.AddEmployeePageTest@6ee52dcd]" name="setUp" is-config="true" duration-ms="3663" started-at="2020-01-25T13:36:18 EST" finished-at="2020-01-25T13:36:22 EST">
          <reporter-output>
          </reporter-output>
        </test-method> <!-- setUp -->
        <test-method status="PASS" signature="addMultipleEmpoyee(java.lang.String, java.lang.String, java.lang.String)[pri:0, instance:com.hrms.testcases.AddEmployeePageTest@6ee52dcd]" name="addMultipleEmpoyee" duration-ms="19316" started-at="2020-01-25T13:36:22 EST" data-provider="getData" finished-at="2020-01-25T13:36:41 EST">
          <params>
            <param index="0">
              <value>
                <![CDATA[Jhon6]]>
              </value>
            </param>
            <param index="1">
              <value>
                <![CDATA[Jr]]>
              </value>
            </param>
            <param index="2">
              <value>
                <![CDATA[Doe6]]>
              </value>
            </param>
          </params>
          <reporter-output>
          </reporter-output>
        </test-method> <!-- addMultipleEmpoyee -->
        <test-method status="PASS" signature="tearDown()[pri:0, instance:com.hrms.testcases.AddEmployeePageTest@6ee52dcd]" name="tearDown" is-config="true" duration-ms="95" started-at="2020-01-25T13:36:42 EST" finished-at="2020-01-25T13:36:42 EST">
          <reporter-output>
          </reporter-output>
        </test-method> <!-- tearDown -->
        <test-method status="PASS" signature="setUp()[pri:0, instance:com.hrms.testcases.AddEmployeePageTest@6ee52dcd]" name="setUp" is-config="true" duration-ms="4283" started-at="2020-01-25T13:36:42 EST" finished-at="2020-01-25T13:36:46 EST">
          <reporter-output>
          </reporter-output>
        </test-method> <!-- setUp -->
        <test-method status="PASS" signature="addMultipleEmpoyee(java.lang.String, java.lang.String, java.lang.String)[pri:0, instance:com.hrms.testcases.AddEmployeePageTest@6ee52dcd]" name="addMultipleEmpoyee" duration-ms="11175" started-at="2020-01-25T13:36:46 EST" data-provider="getData" finished-at="2020-01-25T13:36:57 EST">
          <params>
            <param index="0">
              <value>
                <![CDATA[Jhon7]]>
              </value>
            </param>
            <param index="1">
              <value>
                <![CDATA[Jr]]>
              </value>
            </param>
            <param index="2">
              <value>
                <![CDATA[Doe7]]>
              </value>
            </param>
          </params>
          <reporter-output>
          </reporter-output>
        </test-method> <!-- addMultipleEmpoyee -->
        <test-method status="PASS" signature="tearDown()[pri:0, instance:com.hrms.testcases.AddEmployeePageTest@6ee52dcd]" name="tearDown" is-config="true" duration-ms="93" started-at="2020-01-25T13:36:58 EST" finished-at="2020-01-25T13:36:58 EST">
          <reporter-output>
          </reporter-output>
        </test-method> <!-- tearDown -->
        <test-method status="PASS" signature="setUp()[pri:0, instance:com.hrms.testcases.AddEmployeePageTest@6ee52dcd]" name="setUp" is-config="true" duration-ms="2102" started-at="2020-01-25T13:36:58 EST" finished-at="2020-01-25T13:37:00 EST">
          <reporter-output>
          </reporter-output>
        </test-method> <!-- setUp -->
        <test-method status="PASS" signature="addMultipleEmpoyee(java.lang.String, java.lang.String, java.lang.String)[pri:0, instance:com.hrms.testcases.AddEmployeePageTest@6ee52dcd]" name="addMultipleEmpoyee" duration-ms="10091" started-at="2020-01-25T13:37:00 EST" data-provider="getData" finished-at="2020-01-25T13:37:10 EST">
          <params>
            <param index="0">
              <value>
                <![CDATA[Jhon8]]>
              </value>
            </param>
            <param index="1">
              <value>
                <![CDATA[Jr]]>
              </value>
            </param>
            <param index="2">
              <value>
                <![CDATA[Doe8]]>
              </value>
            </param>
          </params>
          <reporter-output>
          </reporter-output>
        </test-method> <!-- addMultipleEmpoyee -->
        <test-method status="PASS" signature="tearDown()[pri:0, instance:com.hrms.testcases.AddEmployeePageTest@6ee52dcd]" name="tearDown" is-config="true" duration-ms="92" started-at="2020-01-25T13:37:11 EST" finished-at="2020-01-25T13:37:11 EST">
          <reporter-output>
          </reporter-output>
        </test-method> <!-- tearDown -->
        <test-method status="PASS" signature="setUp()[pri:0, instance:com.hrms.testcases.AddEmployeePageTest@6ee52dcd]" name="setUp" is-config="true" duration-ms="3178" started-at="2020-01-25T13:37:11 EST" finished-at="2020-01-25T13:37:14 EST">
          <reporter-output>
          </reporter-output>
        </test-method> <!-- setUp -->
        <test-method status="FAIL" signature="addMultipleEmpoyee(java.lang.String, java.lang.String, java.lang.String)[pri:0, instance:com.hrms.testcases.AddEmployeePageTest@6ee52dcd]" name="addMultipleEmpoyee" duration-ms="43473" started-at="2020-01-25T13:37:14 EST" data-provider="getData" finished-at="2020-01-25T13:37:58 EST">
          <params>
            <param index="0">
              <value>
                <![CDATA[Jhon9]]>
              </value>
            </param>
            <param index="1">
              <value>
                <![CDATA[Jr]]>
              </value>
            </param>
            <param index="2">
              <value>
                <![CDATA[Doe9]]>
              </value>
            </param>
          </params>
          <exception class="org.openqa.selenium.TimeoutException">
            <message>
              <![CDATA[Expected condition failed: waiting for visibility of Proxy element for: DefaultElementLocator 'By.id: personal_txtEmployeeId' (tried for 20 second(s) with 500 milliseconds interval)]]>
            </message>
            <full-stacktrace>
              <![CDATA[org.openqa.selenium.TimeoutException: Expected condition failed: waiting for visibility of Proxy element for: DefaultElementLocator 'By.id: personal_txtEmployeeId' (tried for 20 second(s) with 500 milliseconds interval)
at org.openqa.selenium.support.ui.WebDriverWait.timeoutException(WebDriverWait.java:95)
at org.openqa.selenium.support.ui.FluentWait.until(FluentWait.java:272)
at com.hrms.testcases.AddEmployeePageTest.addMultipleEmpoyee(AddEmployeePageTest.java:46)
at sun.reflect.NativeMethodAccessorImpl.invoke0(Native Method)
at sun.reflect.NativeMethodAccessorImpl.invoke(NativeMethodAccessorImpl.java:62)
at sun.reflect.DelegatingMethodAccessorImpl.invoke(DelegatingMethodAccessorImpl.java:43)
at java.lang.reflect.Method.invoke(Method.java:498)
at org.testng.internal.MethodInvocationHelper.invokeMethod(MethodInvocationHelper.java:133)
at org.testng.internal.TestInvoker.invokeMethod(TestInvoker.java:584)
at org.testng.internal.TestInvoker.invokeTestMethod(TestInvoker.java:172)
at org.testng.internal.MethodRunner.runInSequence(MethodRunner.java:46)
at org.testng.internal.TestInvoker$MethodInvocationAgent.invoke(TestInvoker.java:804)
at org.testng.internal.TestInvoker.invokeTestMethods(TestInvoker.java:145)
at org.testng.internal.TestMethodWorker.invokeTestMethods(TestMethodWorker.java:146)
at org.testng.internal.TestMethodWorker.run(TestMethodWorker.java:128)
at java.util.ArrayList.forEach(ArrayList.java:1257)
at org.testng.TestRunner.privateRun(TestRunner.java:770)
at org.testng.TestRunner.run(TestRunner.java:591)
at org.testng.SuiteRunner.runTest(SuiteRunner.java:402)
at org.testng.SuiteRunner.runSequentially(SuiteRunner.java:396)
at org.testng.SuiteRunner.privateRun(SuiteRunner.java:355)
at org.testng.SuiteRunner.run(SuiteRunner.java:304)
at org.testng.SuiteRunnerWorker.runSuite(SuiteRunnerWorker.java:53)
at org.testng.SuiteRunnerWorker.run(SuiteRunnerWorker.java:96)
at org.testng.TestNG.runSuitesSequentially(TestNG.java:1180)
at org.testng.TestNG.runSuitesLocally(TestNG.java:1102)
at org.testng.TestNG.runSuites(TestNG.java:1032)
at org.testng.TestNG.run(TestNG.java:1000)
at org.testng.remote.AbstractRemoteTestNG.run(AbstractRemoteTestNG.java:115)
at org.testng.remote.RemoteTestNG.initAndRun(RemoteTestNG.java:251)
at org.testng.remote.RemoteTestNG.main(RemoteTestNG.java:77)
Caused by: org.openqa.selenium.NoSuchElementException: no such element: Unable to locate element: {"method":"css selector","selector":"#personal_txtEmployeeId"}
  (Session info: chrome=79.0.3945.130)
For documentation on this error, please visit: https://www.seleniumhq.org/exceptions/no_such_element.html
Build info: version: '3.141.59', revision: 'e82be7d358', time: '2018-11-14T08:25:48'
System info: host: 'MacBook-Pro-Zamira.local', ip: '2601:343:8200:c40:0:0:0:6bbc%en0', os.name: 'Mac OS X', os.arch: 'x86_64', os.version: '10.14.6', java.version: '1.8.0_221'
Driver info: org.openqa.selenium.chrome.ChromeDriver
Capabilities {acceptInsecureCerts: false, browserName: chrome, browserVersion: 79.0.3945.130, chrome: {chromedriverVersion: 79.0.3945.36 (3582db32b3389..., userDataDir: /var/folders/c9/sm_v4zj13r5...}, goog:chromeOptions: {debuggerAddress: localhost:52207}, javascriptEnabled: true, networkConnectionEnabled: false, pageLoadStrategy: normal, platform: MAC, platformName: MAC, proxy: Proxy(), setWindowRect: true, strictFileInteractability: false, timeouts: {implicit: 0, pageLoad: 300000, script: 30000}, unhandledPromptBehavior: dismiss and notify}
Session ID: c961c60cb6827f798f5a2f2df8ae259a
*** Element info: {Using=id, value=personal_txtEmployeeId}
at sun.reflect.NativeConstructorAccessorImpl.newInstance0(Native Method)
at sun.reflect.NativeConstructorAccessorImpl.newInstance(NativeConstructorAccessorImpl.java:62)
at sun.reflect.DelegatingConstructorAccessorImpl.newInstance(DelegatingConstructorAccessorImpl.java:45)
at java.lang.reflect.Constructor.newInstance(Constructor.java:423)
at org.openqa.selenium.remote.http.W3CHttpResponseCodec.createException(W3CHttpResponseCodec.java:187)
at org.openqa.selenium.remote.http.W3CHttpResponseCodec.decode(W3CHttpResponseCodec.java:122)
at org.openqa.selenium.remote.http.W3CHttpResponseCodec.decode(W3CHttpResponseCodec.java:49)
at org.openqa.selenium.remote.HttpCommandExecutor.execute(HttpCommandExecutor.java:158)
at org.openqa.selenium.remote.service.DriverCommandExecutor.execute(DriverCommandExecutor.java:83)
at org.openqa.selenium.remote.RemoteWebDriver.execute(RemoteWebDriver.java:552)
at org.openqa.selenium.remote.RemoteWebDriver.findElement(RemoteWebDriver.java:323)
at org.openqa.selenium.remote.RemoteWebDriver.findElementById(RemoteWebDriver.java:372)
at org.openqa.selenium.By$ById.findElement(By.java:188)
at org.openqa.selenium.remote.RemoteWebDriver.findElement(RemoteWebDriver.java:315)
at org.openqa.selenium.support.pagefactory.DefaultElementLocator.findElement(DefaultElementLocator.java:69)
at org.openqa.selenium.support.pagefactory.internal.LocatingElementHandler.invoke(LocatingElementHandler.java:38)
at com.sun.proxy.$Proxy12.isDisplayed(Unknown Source)
at org.openqa.selenium.support.ui.ExpectedConditions.elementIfVisible(ExpectedConditions.java:314)
at org.openqa.selenium.support.ui.ExpectedConditions.access$000(ExpectedConditions.java:43)
at org.openqa.selenium.support.ui.ExpectedConditions$10.apply(ExpectedConditions.java:300)
at org.openqa.selenium.support.ui.ExpectedConditions$10.apply(ExpectedConditions.java:297)
at org.openqa.selenium.support.ui.FluentWait.until(FluentWait.java:249)
... 29 more
]]>
            </full-stacktrace>
          </exception> <!-- org.openqa.selenium.TimeoutException -->
          <reporter-output>
          </reporter-output>
        </test-method> <!-- addMultipleEmpoyee -->
        <test-method status="PASS" signature="tearDown()[pri:0, instance:com.hrms.testcases.AddEmployeePageTest@6ee52dcd]" name="tearDown" is-config="true" duration-ms="93" started-at="2020-01-25T13:37:58 EST" finished-at="2020-01-25T13:37:58 EST">
          <reporter-output>
          </reporter-output>
        </test-method> <!-- tearDown -->
        <test-method status="PASS" signature="setUp()[pri:0, instance:com.hrms.testcases.AddEmployeePageTest@6ee52dcd]" name="setUp" is-config="true" duration-ms="1876" started-at="2020-01-25T13:37:58 EST" finished-at="2020-01-25T13:38:00 EST">
          <reporter-output>
          </reporter-output>
        </test-method> <!-- setUp -->
        <test-method status="PASS" signature="addMultipleEmpoyee(java.lang.String, java.lang.String, java.lang.String)[pri:0, instance:com.hrms.testcases.AddEmployeePageTest@6ee52dcd]" name="addMultipleEmpoyee" duration-ms="13515" started-at="2020-01-25T13:38:00 EST" data-provider="getData" finished-at="2020-01-25T13:38:14 EST">
          <params>
            <param index="0">
              <value>
                <![CDATA[Jhon10]]>
              </value>
            </param>
            <param index="1">
              <value>
                <![CDATA[Jr]]>
              </value>
            </param>
            <param index="2">
              <value>
                <![CDATA[Doe10]]>
              </value>
            </param>
          </params>
          <reporter-output>
          </reporter-output>
        </test-method> <!-- addMultipleEmpoyee -->
        <test-method status="PASS" signature="tearDown()[pri:0, instance:com.hrms.testcases.AddEmployeePageTest@6ee52dcd]" name="tearDown" is-config="true" duration-ms="94" started-at="2020-01-25T13:38:14 EST" finished-at="2020-01-25T13:38:14 EST">
          <reporter-output>
          </reporter-output>
        </test-method> <!-- tearDown -->
      </class> <!-- com.hrms.testcases.AddEmployeePageTest -->
      <class name="com.hrms.testcases.LeaveListPageTest">
        <test-method status="PASS" signature="generateReports()[pri:0, instance:com.hrms.testcases.LeaveListPageTest@1b68ddbd]" name="generateReports" is-config="true" duration-ms="112" started-at="2020-01-25T13:32:59 EST" finished-at="2020-01-25T13:32:59 EST">
          <reporter-output>
          </reporter-output>
        </test-method> <!-- generateReports -->
        <test-method status="PASS" signature="setUp()[pri:0, instance:com.hrms.testcases.LeaveListPageTest@1b68ddbd]" name="setUp" is-config="true" duration-ms="3692" started-at="2020-01-25T13:32:59 EST" finished-at="2020-01-25T13:33:03 EST">
          <reporter-output>
          </reporter-output>
        </test-method> <!-- setUp -->
        <test-method status="PASS" signature="leaveLabelvalidation()[pri:0, instance:com.hrms.testcases.LeaveListPageTest@1b68ddbd]" name="leaveLabelvalidation" duration-ms="5580" started-at="2020-01-25T13:33:03 EST" finished-at="2020-01-25T13:33:09 EST">
          <reporter-output>
          </reporter-output>
        </test-method> <!-- leaveLabelvalidation -->
        <test-method status="PASS" signature="tearDown()[pri:0, instance:com.hrms.testcases.LeaveListPageTest@1b68ddbd]" name="tearDown" is-config="true" duration-ms="88" started-at="2020-01-25T13:33:09 EST" finished-at="2020-01-25T13:33:09 EST">
          <reporter-output>
          </reporter-output>
        </test-method> <!-- tearDown -->
        <test-method status="PASS" signature="setUp()[pri:0, instance:com.hrms.testcases.LeaveListPageTest@1b68ddbd]" name="setUp" is-config="true" duration-ms="1817" started-at="2020-01-25T13:33:09 EST" finished-at="2020-01-25T13:33:11 EST">
          <reporter-output>
          </reporter-output>
        </test-method> <!-- setUp -->
        <test-method status="FAIL" signature="leaveLabelvalidation1()[pri:0, instance:com.hrms.testcases.LeaveListPageTest@1b68ddbd]" name="leaveLabelvalidation1" duration-ms="6293" started-at="2020-01-25T13:33:11 EST" finished-at="2020-01-25T13:33:17 EST">
          <exception class="java.lang.AssertionError">
            <message>
              <![CDATA[did not expect to find [true] but found [false]]]>
            </message>
            <full-stacktrace>
              <![CDATA[java.lang.AssertionError: did not expect to find [true] but found [false]
at org.testng.Assert.fail(Assert.java:97)
at org.testng.Assert.failNotEquals(Assert.java:969)
at org.testng.Assert.assertTrue(Assert.java:43)
at org.testng.Assert.assertTrue(Assert.java:53)
at com.hrms.testcases.LeaveListPageTest.leaveLabelvalidation1(LeaveListPageTest.java:39)
at sun.reflect.NativeMethodAccessorImpl.invoke0(Native Method)
at sun.reflect.NativeMethodAccessorImpl.invoke(NativeMethodAccessorImpl.java:62)
at sun.reflect.DelegatingMethodAccessorImpl.invoke(DelegatingMethodAccessorImpl.java:43)
at java.lang.reflect.Method.invoke(Method.java:498)
at org.testng.internal.MethodInvocationHelper.invokeMethod(MethodInvocationHelper.java:133)
at org.testng.internal.TestInvoker.invokeMethod(TestInvoker.java:584)
at org.testng.internal.TestInvoker.invokeTestMethod(TestInvoker.java:172)
at org.testng.internal.MethodRunner.runInSequence(MethodRunner.java:46)
at org.testng.internal.TestInvoker$MethodInvocationAgent.invoke(TestInvoker.java:804)
at org.testng.internal.TestInvoker.invokeTestMethods(TestInvoker.java:145)
at org.testng.internal.TestMethodWorker.invokeTestMethods(TestMethodWorker.java:146)
at org.testng.internal.TestMethodWorker.run(TestMethodWorker.java:128)
at java.util.ArrayList.forEach(ArrayList.java:1257)
at org.testng.TestRunner.privateRun(TestRunner.java:770)
at org.testng.TestRunner.run(TestRunner.java:591)
at org.testng.SuiteRunner.runTest(SuiteRunner.java:402)
at org.testng.SuiteRunner.runSequentially(SuiteRunner.java:396)
at org.testng.SuiteRunner.privateRun(SuiteRunner.java:355)
at org.testng.SuiteRunner.run(SuiteRunner.java:304)
at org.testng.SuiteRunnerWorker.runSuite(SuiteRunnerWorker.java:53)
at org.testng.SuiteRunnerWorker.run(SuiteRunnerWorker.java:96)
at org.testng.TestNG.runSuitesSequentially(TestNG.java:1180)
at org.testng.TestNG.runSuitesLocally(TestNG.java:1102)
at org.testng.TestNG.runSuites(TestNG.java:1032)
at org.testng.TestNG.run(TestNG.java:1000)
at org.testng.remote.AbstractRemoteTestNG.run(AbstractRemoteTestNG.java:115)
at org.testng.remote.RemoteTestNG.initAndRun(RemoteTestNG.java:251)
at org.testng.remote.RemoteTestNG.main(RemoteTestNG.java:77)
]]>
            </full-stacktrace>
          </exception> <!-- java.lang.AssertionError -->
          <reporter-output>
          </reporter-output>
        </test-method> <!-- leaveLabelvalidation1 -->
        <test-method status="PASS" signature="tearDown()[pri:0, instance:com.hrms.testcases.LeaveListPageTest@1b68ddbd]" name="tearDown" is-config="true" duration-ms="91" started-at="2020-01-25T13:33:18 EST" finished-at="2020-01-25T13:33:18 EST">
          <reporter-output>
          </reporter-output>
        </test-method> <!-- tearDown -->
        <test-method status="PASS" signature="writeReport()[pri:0, instance:com.hrms.testcases.LeaveListPageTest@1b68ddbd]" name="writeReport" is-config="true" duration-ms="249" started-at="2020-01-25T13:38:14 EST" finished-at="2020-01-25T13:38:14 EST">
          <reporter-output>
          </reporter-output>
        </test-method> <!-- writeReport -->
      </class> <!-- com.hrms.testcases.LeaveListPageTest -->
    </test> <!-- Regression Test -->
  </suite> <!-- Regression Suite -->
</testng-results>
